<?xml version="1.0" encoding="UTF-8"?>
<testsuite name="test1"
           tests="3"
           failures="3"
           errors="0"
           skipped="0"
           time="0.000">
  <properties />
            <testcase name="f3" time="0.000" classname="com.T71testCase.baidu1">
                <failure type="org.testng.TestNGException"
                  message="
Parameter &apos;f3&apos; is required by @Test on method f3 but has not been marked @Optional or defined
in C:\Users\³Â»¶\workspace\UItest\TestNG.xml"
              >
<![CDATA[org.testng.TestNGException: 
Parameter 'f3' is required by @Test on method f3 but has not been marked @Optional or defined
in C:\Users\³Â»¶\workspace\UItest\TestNG.xml
  org.testng.internal.Parameters.createParameters(Parameters.java:199)
  org.testng.internal.Parameters.createParameters(Parameters.java:443)
  org.testng.internal.Parameters.handleParameters(Parameters.java:568)
  org.testng.internal.Invoker.handleParameters(Invoker.java:1293)
  org.testng.internal.Invoker.createParameters(Invoker.java:1020)
  org.testng.internal.Invoker.invokeTestMethods(Invoker.java:1110)
  org.testng.internal.TestMethodWorker.invokeTestMethods(TestMethodWorker.java:129)
  org.testng.internal.TestMethodWorker.run(TestMethodWorker.java:112)
  org.testng.TestRunner.privateRun(TestRunner.java:756)
  org.testng.TestRunner.run(TestRunner.java:610)
  org.testng.SuiteRunner.runTest(SuiteRunner.java:387)
  org.testng.SuiteRunner.runSequentially(SuiteRunner.java:382)
  org.testng.SuiteRunner.privateRun(SuiteRunner.java:340)
  org.testng.SuiteRunner.run(SuiteRunner.java:289)
  org.testng.SuiteRunnerWorker.runSuite(SuiteRunnerWorker.java:52)
  org.testng.SuiteRunnerWorker.run(SuiteRunnerWorker.java:86)
  org.testng.TestNG.runSuitesSequentially(TestNG.java:1293)
  org.testng.TestNG.runSuitesLocally(TestNG.java:1218)
  org.testng.TestNG.runSuites(TestNG.java:1133)
  org.testng.TestNG.run(TestNG.java:1104)
  org.testng.remote.AbstractRemoteTestNG.run(AbstractRemoteTestNG.java:114)
  org.testng.remote.RemoteTestNG.initAndRun(RemoteTestNG.java:251)
  org.testng.remote.RemoteTestNG.main(RemoteTestNG.java:77)
]]>
      </failure>

          </testcase>
            <testcase name="f2" time="0.000" classname="com.T71testCase.baidu1">
                <failure type="org.testng.TestNGException"
                  message="
Parameter &apos;f2&apos; is required by @Test on method f2 but has not been marked @Optional or defined
in C:\Users\³Â»¶\workspace\UItest\TestNG.xml"
              >
<![CDATA[org.testng.TestNGException: 
Parameter 'f2' is required by @Test on method f2 but has not been marked @Optional or defined
in C:\Users\³Â»¶\workspace\UItest\TestNG.xml
  org.testng.internal.Parameters.createParameters(Parameters.java:199)
  org.testng.internal.Parameters.createParameters(Parameters.java:443)
  org.testng.internal.Parameters.handleParameters(Parameters.java:568)
  org.testng.internal.Invoker.handleParameters(Invoker.java:1293)
  org.testng.internal.Invoker.createParameters(Invoker.java:1020)
  org.testng.internal.Invoker.invokeTestMethods(Invoker.java:1110)
  org.testng.internal.TestMethodWorker.invokeTestMethods(TestMethodWorker.java:129)
  org.testng.internal.TestMethodWorker.run(TestMethodWorker.java:112)
  org.testng.TestRunner.privateRun(TestRunner.java:756)
  org.testng.TestRunner.run(TestRunner.java:610)
  org.testng.SuiteRunner.runTest(SuiteRunner.java:387)
  org.testng.SuiteRunner.runSequentially(SuiteRunner.java:382)
  org.testng.SuiteRunner.privateRun(SuiteRunner.java:340)
  org.testng.SuiteRunner.run(SuiteRunner.java:289)
  org.testng.SuiteRunnerWorker.runSuite(SuiteRunnerWorker.java:52)
  org.testng.SuiteRunnerWorker.run(SuiteRunnerWorker.java:86)
  org.testng.TestNG.runSuitesSequentially(TestNG.java:1293)
  org.testng.TestNG.runSuitesLocally(TestNG.java:1218)
  org.testng.TestNG.runSuites(TestNG.java:1133)
  org.testng.TestNG.run(TestNG.java:1104)
  org.testng.remote.AbstractRemoteTestNG.run(AbstractRemoteTestNG.java:114)
  org.testng.remote.RemoteTestNG.initAndRun(RemoteTestNG.java:251)
  org.testng.remote.RemoteTestNG.main(RemoteTestNG.java:77)
]]>
      </failure>

          </testcase>
            <testcase name="f1" time="0.000" classname="com.T71testCase.baidu1">
                <failure type="org.testng.TestNGException"
                  message="
Parameter &apos;f1&apos; is required by @Test on method f1 but has not been marked @Optional or defined
in C:\Users\³Â»¶\workspace\UItest\TestNG.xml"
              >
<![CDATA[org.testng.TestNGException: 
Parameter 'f1' is required by @Test on method f1 but has not been marked @Optional or defined
in C:\Users\³Â»¶\workspace\UItest\TestNG.xml
  org.testng.internal.Parameters.createParameters(Parameters.java:199)
  org.testng.internal.Parameters.createParameters(Parameters.java:443)
  org.testng.internal.Parameters.handleParameters(Parameters.java:568)
  org.testng.internal.Invoker.handleParameters(Invoker.java:1293)
  org.testng.internal.Invoker.createParameters(Invoker.java:1020)
  org.testng.internal.Invoker.invokeTestMethods(Invoker.java:1110)
  org.testng.internal.TestMethodWorker.invokeTestMethods(TestMethodWorker.java:129)
  org.testng.internal.TestMethodWorker.run(TestMethodWorker.java:112)
  org.testng.TestRunner.privateRun(TestRunner.java:756)
  org.testng.TestRunner.run(TestRunner.java:610)
  org.testng.SuiteRunner.runTest(SuiteRunner.java:387)
  org.testng.SuiteRunner.runSequentially(SuiteRunner.java:382)
  org.testng.SuiteRunner.privateRun(SuiteRunner.java:340)
  org.testng.SuiteRunner.run(SuiteRunner.java:289)
  org.testng.SuiteRunnerWorker.runSuite(SuiteRunnerWorker.java:52)
  org.testng.SuiteRunnerWorker.run(SuiteRunnerWorker.java:86)
  org.testng.TestNG.runSuitesSequentially(TestNG.java:1293)
  org.testng.TestNG.runSuitesLocally(TestNG.java:1218)
  org.testng.TestNG.runSuites(TestNG.java:1133)
  org.testng.TestNG.run(TestNG.java:1104)
  org.testng.remote.AbstractRemoteTestNG.run(AbstractRemoteTestNG.java:114)
  org.testng.remote.RemoteTestNG.initAndRun(RemoteTestNG.java:251)
  org.testng.remote.RemoteTestNG.main(RemoteTestNG.java:77)
]]>
      </failure>

          </testcase>
  
  
  
</testsuite>
